2023.10.19 20:16:57 INFO  Started: Metals version 1.1.0 in folders 'C:\Users\32394\IdeaProjects\Study' for client Visual Studio Code 1.83.1.
2023.10.19 20:16:59 WARN  Build server is not auto-connectable.
2023.10.19 20:16:59 WARN  no build tool detected in workspace 'C:\Users\32394\IdeaProjects\Study'. The most common cause for this problem is that the editor was opened in the wrong working directory, for example if you use sbt then the workspace directory should contain build.sbt. 
2023.10.19 20:17:00 WARN  no build target for: C:\Users\32394\IdeaProjects\Study\src\bilibiliJavaStudyTest\JavaP79Test.java
2023.10.19 20:17:00 WARN  no build target for: C:\Users\32394\IdeaProjects\Study\src\bilibiliJavaStudy\JavaP66.java
2023.10.19 20:17:00 WARN  no build target for: C:\Users\32394\IdeaProjects\Study\src\bilibiliJavaStudyTest\JavaP78Test.java
2023.10.19 20:17:00 WARN  no build target for: C:\Users\32394\IdeaProjects\Study\src\bilibiliJavaStudyTest\JavaP78Test1.java
2023.10.19 20:17:00 WARN  no build target for: C:\Users\32394\IdeaProjects\Study\src\bilibiliJavaStudy\JavaP73.java
2023.10.19 20:17:00 WARN  no build target for: C:\Users\32394\IdeaProjects\Study\src\bilibiliJavaStudyTest\JavaP78Test2.java
C:\Users\32394\IdeaProjects\Study\src\bilibiliJavaStudyTest\JavaP78Test1.java:5: ´íÎó: ±àÂë GBK µÄ²»¿ÉÓ³Éä×Ö·û (0x80)
        // éœ?æ±‚ï¼›
            ^
C:\Users\32394\IdeaProjects\Study\src\bilibiliJavaStudyTest\JavaP78Test1.java:6: ´íÎó: ±àÂë GBK µÄ²»¿ÉÓ³Éä×Ö·û (0x80)
        // æŠŠæ•´æ•°ä¸Šçš„æ¯ä¸?ä½éƒ½æ·»åŠ åˆ°æ•°ç»„ä¸­
                     ^
C:\Users\32394\IdeaProjects\Study\src\bilibiliJavaStudyTest\JavaP78Test1.java:8: ´íÎó: ±àÂë GBK µÄ²»¿ÉÓ³Éä×Ö·û (0xA8)
        int count = 0;// æ•°ç»„é•¿åº¦è®¡æ•°å™?
                                   ^
C:\Users\32394\IdeaProjects\Study\src\bilibiliJavaStudyTest\JavaP78Test1.java:10: ´íÎó: ±àÂë GBK µÄ²»¿ÉÓ³Éä×Ö·û (0x80)
        int temp = number;// å®šä¹‰ä¸?ä¸ªä¸´æ—¶å˜é‡å­˜å‚¨numberçš„å?¼ï¼Œä¸ºäº†ç¬¬ä¸‰æ­¥çš„ å†æ¬¡ä½¿ç”¨ï¼Œå¦åˆ™åœ¨å¾ªç¯ä¸­numberä¼šè¢«å˜æˆ0
                                 ^
C:\Users\32394\IdeaProjects\Study\src\bilibiliJavaStudyTest\JavaP78Test1.java:10: ´íÎó: ±àÂë GBK µÄ²»¿ÉÓ³Éä×Ö·û (0x80)
        int temp = number;// å®šä¹‰ä¸?ä¸ªä¸´æ—¶å˜é‡å­˜å‚¨numberçš„å?¼ï¼Œä¸ºäº†ç¬¬ä¸‰æ­¥çš„ å†æ¬¡ä½¿ç”¨ï¼Œå¦åˆ™åœ¨å¾ªç¯ä¸­numberä¼šè¢«å˜æˆ0
                                                    ^
C:\Users\32394\IdeaProjects\Study\src\bilibiliJavaStudyTest\JavaP78Test1.java:12: ´íÎó: ±àÂë GBK µÄ²»¿ÉÓ³Éä×Ö·û (0x80)
            // æ¯ä¸€æ¬¡å¾ªç¯å°±å»æ‰ä¸?ä¸ªæ•°å­?
                            ^
C:\Users\32394\IdeaProjects\Study\src\bilibiliJavaStudyTest\JavaP78Test1.java:12: ´íÎó: ±àÂë GBK µÄ²»¿ÉÓ³Éä×Ö·û (0x97)
            // æ¯ä¸€æ¬¡å¾ªç¯å°±å»æ‰ä¸?ä¸ªæ•°å­?
                                 ^
C:\Users\32394\IdeaProjects\Study\src\bilibiliJavaStudyTest\JavaP78Test1.java:15: ´íÎó: ±àÂë GBK µÄ²»¿ÉÓ³Éä×Ö·û (0x80)
            count++;// å»æ‰ä¸?æ¬¡ï¼Œè®¡æ•°å™¨å°±åŠ?1
                           ^
C:\Users\32394\IdeaProjects\Study\src\bilibiliJavaStudyTest\JavaP78Test1.java:15: ´íÎó: ±àÂë GBK µÄ²»¿ÉÓ³Éä×Ö·û (0xA0)
            count++;// å»æ‰ä¸?æ¬¡ï¼Œè®¡æ•°å™¨å°±åŠ?1
                                      ^
C:\Users\32394\IdeaProjects\Study\src\bilibiliJavaStudyTest\JavaP78Test1.java:17: ´íÎó: ±àÂë GBK µÄ²»¿ÉÓ³Éä×Ö·û (0xBA)
        System.out.println("æ•°ç»„é•¿åº¦ä¸?" + count);
                                   ^
C:\Users\32394\IdeaProjects\Study\src\bilibiliJavaStudyTest\JavaP78Test1.java:18: ´íÎó: ±àÂë GBK µÄ²»¿ÉÓ³Éä×Ö·û (0x80)
        int[] arr = new int[count];// åŠ¨æ?å®šä¹‰æ•°ç»?
                                        ^
C:\Users\32394\IdeaProjects\Study\src\bilibiliJavaStudyTest\JavaP78Test1.java:18: ´íÎó: ±àÂë GBK µÄ²»¿ÉÓ³Éä×Ö·û (0x84)
        int[] arr = new int[count];// åŠ¨æ?å®šä¹‰æ•°ç»?
                                               ^
C:\Users\32394\IdeaProjects\Study\src\bilibiliJavaStudyTest\JavaP78Test.java:6: ´íÎó: ±àÂë GBK µÄ²»¿ÉÓ³Éä×Ö·û (0xA0)
        // æ•´ä½“åŠ?5
               ^
C:\Users\32394\IdeaProjects\Study\src\bilibiliJavaStudy\JavaP66.java:7: ´íÎó: ±àÂë GBK µÄ²»¿ÉÓ³Éä×Ö·û (0x80)
        // èµ‹å?¼è°ƒç”?
             ^
C:\Users\32394\IdeaProjects\Study\src\bilibiliJavaStudy\JavaP66.java:7: ´íÎó: ±àÂë GBK µÄ²»¿ÉÓ³Éä×Ö·û (0xA8)
        // èµ‹å?¼è°ƒç”?
                 ^
C:\Users\32394\IdeaProjects\Study\src\bilibiliJavaStudyTest\JavaP78Test2.java:27: ´íÎó: ±àÂë GBK µÄ²»¿ÉÓ³Éä×Ö·û (0xBA)
        System.out.println("æ‹¼æ¥åçš„æ•°å­—ä¸?" + number);
                                      ^
C:\Users\32394\IdeaProjects\Study\src\bilibiliJavaStudyTest\JavaP78Test2.java:28: ´íÎó: ±àÂë GBK µÄ²»¿ÉÓ³Éä×Ö·û (0x80)
        // æŠŠåè½¬åçš„æ•°ç»„å…ˆæ‰“å°ä¸?é?
                           ^
C:\Users\32394\IdeaProjects\Study\src\bilibiliJavaStudyTest\JavaP78Test2.java:28: ´íÎó: ±àÂë GBK µÄ²»¿ÉÓ³Éä×Ö·û (0x8D)
        // æŠŠåè½¬åçš„æ•°ç»„å…ˆæ‰“å°ä¸?é?
                             ^
2023.10.19 20:17:12 INFO  time: code lens generation in 13s
C:\Users\32394\IdeaProjects\Study\src\bilibiliJavaStudy\JavaP73.java:6: ´íÎó: ±àÂë GBK µÄ²»¿ÉÓ³Éä×Ö·û (0x80)
        System.out.println("è°ƒç”¨å‰numberçš„å?¼ä¸º" + number);
                                        ^
C:\Users\32394\IdeaProjects\Study\src\bilibiliJavaStudy\JavaP73.java:7: ´íÎó: ±àÂë GBK µÄ²»¿ÉÓ³Éä×Ö·û (0x97)
        // å¯¹è¿”å›çš„å€¼è¿›è¡Œæ¥å?
                        ^
C:\Users\32394\IdeaProjects\Study\src\bilibiliJavaStudy\JavaP73.java:9: ´íÎó: ±àÂë GBK µÄ²»¿ÉÓ³Éä×Ö·û (0x80)
        System.out.println("è°ƒç”¨ånumberçš„å?¼ä¸º" + number);
                                        ^
C:\Users\32394\IdeaProjects\Study\src\bilibiliJavaStudy\JavaP73.java:10: ´íÎó: ±àÂë GBK µÄ²»¿ÉÓ³Éä×Ö·û (0x80)
        // ä¼ é?’åŸºæœ¬æ•°æ®ç±»å‹æ—¶ï¼Œä¼ é€’çš„æ˜¯çœŸå®çš„æ•°æ®ï¼Œå½¢å‚ä¸ä¼šå½±å“å®é™…æ•°å€?
             ^
C:\Users\32394\IdeaProjects\Study\src\bilibiliJavaStudy\JavaP73.java:10: ´íÎó: ±àÂë GBK µÄ²»¿ÉÓ³Éä×Ö·û (0xBC)
        // ä¼ é?’åŸºæœ¬æ•°æ®ç±»å‹æ—¶ï¼Œä¼ é€’çš„æ˜¯çœŸå®çš„æ•°æ®ï¼Œå½¢å‚ä¸ä¼šå½±å“å®é™…æ•°å€?
                                                        ^
C:\Users\32394\IdeaProjects\Study\src\bilibiliJavaStudy\JavaP73.java:13: ´íÎó: ±àÂë GBK µÄ²»¿ÉÓ³Éä×Ö·û (0x8D)
        System.out.println("è°ƒç”¨å‰?" + arr[1]);
                                ^
C:\Users\32394\IdeaProjects\Study\src\bilibiliJavaStudy\JavaP73.java:15: ´íÎó: ±àÂë GBK µÄ²»¿ÉÓ³Éä×Ö·û (0x8E)
        System.out.println("è°ƒç”¨å?" + arr[1]);
                                ^
C:\Users\32394\IdeaProjects\Study\src\bilibiliJavaStudy\JavaP73.java:16: ´íÎó: ±àÂë GBK µÄ²»¿ÉÓ³Éä×Ö·û (0x80)
        // ä¼ é?’å¼•ç”¨æ•°æ®ç±»å‹æ—¶ï¼Œä¼ é€’çš„æ˜¯åœ°å?å€¼ï¼Œå½¢å‚çš„æ”¹å˜ï¼Œä¼šå½±å“å®é™…å‚æ•°å??
             ^
C:\Users\32394\IdeaProjects\Study\src\bilibiliJavaStudy\JavaP73.java:16: ´íÎó: ±àÂë GBK µÄ²»¿ÉÓ³Éä×Ö·û (0x80)
        // ä¼ é?’å¼•ç”¨æ•°æ®ç±»å‹æ—¶ï¼Œä¼ é€’çš„æ˜¯åœ°å?å€¼ï¼Œå½¢å‚çš„æ”¹å˜ï¼Œä¼šå½±å“å®é™…å‚æ•°å??
                                   ^
C:\Users\32394\IdeaProjects\Study\src\bilibiliJavaStudy\JavaP73.java:16: ´íÎó: ±àÂë GBK µÄ²»¿ÉÓ³Éä×Ö·û (0x80)
        // ä¼ é?’å¼•ç”¨æ•°æ®ç±»å‹æ—¶ï¼Œä¼ é€’çš„æ˜¯åœ°å?å€¼ï¼Œå½¢å‚çš„æ”¹å˜ï¼Œä¼šå½±å“å®é™…å‚æ•°å??
                                                           ^
C:\Users\32394\IdeaProjects\Study\src\bilibiliJavaStudy\JavaP73.java:16: ´íÎó: ±àÂë GBK µÄ²»¿ÉÓ³Éä×Ö·û (0xBC)
        // ä¼ é?’å¼•ç”¨æ•°æ®ç±»å‹æ—¶ï¼Œä¼ é€’çš„æ˜¯åœ°å?å€¼ï¼Œå½¢å‚çš„æ”¹å˜ï¼Œä¼šå½±å“å®é™…å‚æ•°å??
                                                            ^
2023.10.19 20:17:16 INFO  no build target found for C:\Users\32394\IdeaProjects\Study\src\bilibiliJavaStudyTest\JavaP79Test.java. Using presentation compiler with project's scala-library version: 3.3.1
10ÔÂ 19, 2023 8:17:21 ÏÂÎç scala.meta.internal.pc.CompilerAccess handleError
ÑÏÖØ: A severe compiler error occurred, full details of the error can be found in the error report C:\Users\32394\IdeaProjects\Study\.metals\.reports\metals-full\2023-10-19\r_compiler-error_20-17-21-306.md
10ÔÂ 19, 2023 8:17:23 ÏÂÎç scala.meta.internal.pc.CompilerAccess handleError
ÑÏÖØ: A severe compiler error occurred, full details of the error can be found in the error report C:\Users\32394\IdeaProjects\Study\.metals\.reports\metals-full\2023-10-19\r_compiler-error_20-17-23-114.md
2023.10.19 20:24:02 INFO  Shutting down server
2023.10.19 20:24:02 INFO  shutting down Metals
2023.10.19 20:24:02 INFO  Exiting server
